SLURM_JOBID=43645801
SLURM_JOB_NODELIST=c0709a-s3
SLURM_NNODES=
SLURMTMPDIR=
working directory = /blue/pinaki.sarder/varanasin/dn/DN_classification
Glomerular_classification/Classification/Kfold_RNN.py:27: VisibleDeprecationWarning: Creating an ndarray from ragged nested sequences (which is a list-or-tuple of lists-or-tuples-or ndarrays with different lengths or shapes) is deprecated. If you meant to do this, you must specify 'dtype=object' when creating the ndarray
  all_features = np.array(import_data(txt_loc))
WARNING:tensorflow:From Glomerular_classification/Classification/Kfold_RNN.py:61: The name tf.reset_default_graph is deprecated. Please use tf.compat.v1.reset_default_graph instead.

/blue/pinaki.sarder/varanasin/dn/DN_classification/Glomerular_classification/Classification/rnn_train.py:23: VisibleDeprecationWarning: Creating an ndarray from ragged nested sequences (which is a list-or-tuple of lists-or-tuples-or ndarrays with different lengths or shapes) is deprecated. If you meant to do this, you must specify 'dtype=object' when creating the ndarray
  all_features = np.array(import_data(txt_loc))
WARNING:tensorflow:From /blue/pinaki.sarder/varanasin/dn/DN_classification/Glomerular_classification/Classification/rnn_train.py:54: The name tf.placeholder is deprecated. Please use tf.compat.v1.placeholder instead.

WARNING:tensorflow:From /blue/pinaki.sarder/varanasin/dn/DN_classification/Glomerular_classification/Classification/rnn_train.py:74: dense (from tensorflow.python.layers.core) is deprecated and will be removed in a future version.
Instructions for updating:
Use keras.layers.Dense instead.
WARNING:tensorflow:From /blue/pinaki.sarder/varanasin/dn/dn/lib64/python3.6/site-packages/tensorflow_core/python/layers/core.py:187: Layer.apply (from tensorflow.python.keras.engine.base_layer) is deprecated and will be removed in a future version.
Instructions for updating:
Please use `layer.__call__` method instead.
WARNING:tensorflow:From /blue/pinaki.sarder/varanasin/dn/dn/lib64/python3.6/site-packages/tensorflow_core/python/ops/resource_variable_ops.py:1630: calling BaseResourceVariable.__init__ (from tensorflow.python.ops.resource_variable_ops) with constraint is deprecated and will be removed in a future version.
Instructions for updating:
If using Keras pass *_constraint arguments to layers.
WARNING:tensorflow:From /blue/pinaki.sarder/varanasin/dn/DN_classification/Glomerular_classification/Classification/rnn_train.py:78: calling dropout (from tensorflow.python.ops.nn_ops) with keep_prob is deprecated and will be removed in a future version.
Instructions for updating:
Please use `rate` instead of `keep_prob`. Rate should be set to `rate = 1 - keep_prob`.
WARNING:tensorflow:From /blue/pinaki.sarder/varanasin/dn/DN_classification/Glomerular_classification/Classification/rnn_train.py:88: The name tf.train.AdamOptimizer is deprecated. Please use tf.compat.v1.train.AdamOptimizer instead.

WARNING:tensorflow:From /blue/pinaki.sarder/varanasin/dn/dn/lib64/python3.6/site-packages/tensorflow_core/python/ops/math_grad.py:1424: where (from tensorflow.python.ops.array_ops) is deprecated and will be removed in a future version.
Instructions for updating:
Use tf.where in 2.0, which has the same broadcast rule as np.where
WARNING:tensorflow:From /blue/pinaki.sarder/varanasin/dn/DN_classification/Glomerular_classification/Classification/rnn_train.py:95: The name tf.global_variables_initializer is deprecated. Please use tf.compat.v1.global_variables_initializer instead.

WARNING:tensorflow:From /blue/pinaki.sarder/varanasin/dn/DN_classification/Glomerular_classification/Classification/rnn_train.py:98: The name tf.train.Saver is deprecated. Please use tf.compat.v1.train.Saver instead.

WARNING:tensorflow:From /blue/pinaki.sarder/varanasin/dn/DN_classification/Glomerular_classification/Classification/rnn_train.py:113: The name tf.Session is deprecated. Please use tf.compat.v1.Session instead.

2024-09-05 17:29:22.404340: W tensorflow/stream_executor/platform/default/dso_loader.cc:55] Could not load dynamic library 'libcuda.so.1'; dlerror: libcuda.so.1: cannot open shared object file: No such file or directory; LD_LIBRARY_PATH: /opt/slurm/lib64:/opt/slurm/lib64:/opt/slurm/lib64:
2024-09-05 17:29:22.440648: E tensorflow/stream_executor/cuda/cuda_driver.cc:318] failed call to cuInit: UNKNOWN ERROR (303)
2024-09-05 17:29:22.447529: I tensorflow/stream_executor/cuda/cuda_diagnostics.cc:156] kernel driver does not appear to be running on this host (c0709a-s3.ufhpc): /proc/driver/nvidia/version does not exist
2024-09-05 17:29:22.612859: I tensorflow/core/platform/cpu_feature_guard.cc:142] Your CPU supports instructions that this TensorFlow binary was not compiled to use: AVX2 FMA
2024-09-05 17:29:24.140692: I tensorflow/core/platform/profile_utils/cpu_utils.cc:94] CPU Frequency: 2944395000 Hz
2024-09-05 17:29:24.198669: I tensorflow/compiler/xla/service/service.cc:168] XLA service 0x55a9aaed6fb0 initialized for platform Host (this does not guarantee that XLA will be used). Devices:
2024-09-05 17:29:24.198697: I tensorflow/compiler/xla/service/service.cc:176]   StreamExecutor device (0): Host, Default Version
slurmstepd: error: *** JOB 43645801 ON c0709a-s3 CANCELLED AT 2024-09-05T17:38:42 ***
